<?xml version="1.0" encoding="UTF-8"?>
<testng-results skipped="0" failed="0" total="1" passed="1">
  <reporter-output>
  </reporter-output>
  <suite name="Default suite" duration-ms="10434" started-at="2019-07-11T13:15:26Z" finished-at="2019-07-11T13:15:36Z">
    <groups>
    </groups>
    <test name="Default test" duration-ms="10434" started-at="2019-07-11T13:15:26Z" finished-at="2019-07-11T13:15:36Z">
      <class name="authenticationRequest.afterAuthenticationGetData">
        <test-method status="PASS" signature="setUp()[pri:0, instance:authenticationRequest.afterAuthenticationGetData@643b1d11]" name="setUp" is-config="true" duration-ms="1887" started-at="2019-07-11T18:45:26Z" finished-at="2019-07-11T18:45:28Z">
          <reporter-output>
          </reporter-output>
        </test-method> <!-- setUp -->
        <test-method status="PASS" signature="testAuthentication()[pri:0, instance:authenticationRequest.afterAuthenticationGetData@643b1d11]" name="testAuthentication" duration-ms="8385" started-at="2019-07-11T18:45:28Z" finished-at="2019-07-11T18:45:36Z">
          <reporter-output>
          </reporter-output>
        </test-method> <!-- testAuthentication -->
      </class> <!-- authenticationRequest.afterAuthenticationGetData -->
    </test> <!-- Default test -->
  </suite> <!-- Default suite -->
</testng-results>
