<?xml version="1.0" encoding="UTF-8"?>
<testng-results skipped="0" failed="0" total="2" passed="2">
  <reporter-output>
  </reporter-output>
  <suite name="Default suite" duration-ms="627004" started-at="2019-07-09T14:35:17Z" finished-at="2019-07-09T14:45:44Z">
    <groups>
    </groups>
    <test name="Default test" duration-ms="627004" started-at="2019-07-09T14:35:17Z" finished-at="2019-07-09T14:45:44Z">
      <class name="getRequest.GetData">
        <test-method status="PASS" signature="testBody()[pri:0, instance:getRequest.GetData@5ccddd20]" name="testBody" duration-ms="9342" started-at="2019-07-09T20:05:17Z" finished-at="2019-07-09T20:05:26Z">
          <reporter-output>
          </reporter-output>
        </test-method> <!-- testBody -->
        <test-method status="PASS" signature="testResponsecode()[pri:0, instance:getRequest.GetData@5ccddd20]" name="testResponsecode" duration-ms="617568" started-at="2019-07-09T20:05:26Z" finished-at="2019-07-09T20:15:44Z">
          <reporter-output>
          </reporter-output>
        </test-method> <!-- testResponsecode -->
      </class> <!-- getRequest.GetData -->
    </test> <!-- Default test -->
  </suite> <!-- Default suite -->
</testng-results>
